The system is: Windows - 10.0.19043 - AMD64
Compiling the C compiler identification source file "CMakeCCompilerId.c" succeeded.
Compiler:  
Build flags: 
Id flags:  

The output was:
0
Microsoft (R) Build Engine version 16.8.3+39993bd9d for .NET Framework
Copyright (C) Microsoft Corporation. All rights reserved.

Build started 2021-05-07 9:25:48 AM.
Project "C:\Users\mikem\OneDrive\McGill_Simine\Aptamers\ActiveLearningPipeline\.dacecache\matmulLoop\build\CMakeFiles\3.18.4\CompilerIdC\CompilerIdC.vcxproj" on node 1 (default targets).
PrepareForBuild:
  Creating directory "Debug\".
  Creating directory "Debug\CompilerIdC.tlog\".
InitializeBuildStatus:
  Creating "Debug\CompilerIdC.tlog\unsuccessfulbuild" because "AlwaysCreate" was specified.
ClCompile:
  C:\Program Files (x86)\Microsoft Visual Studio\2019\Community\VC\Tools\MSVC\14.28.29333\bin\HostX64\x64\CL.exe /c /nologo /W0 /WX- /diagnostics:column /Od /D _MBCS /Gm- /EHsc /RTC1 /MDd /GS /fp:precise /Zc:wchar_t /Zc:forScope /Zc:inline /Fo"Debug\\" /Fd"Debug\vc142.pdb" /Gd /TC /FC /errorReport:queue CMakeCCompilerId.c
cl : command line warning D9025: overriding '/MDd' with '/MT' [C:\Users\mikem\OneDrive\McGill_Simine\Aptamers\ActiveLearningPipeline\.dacecache\matmulLoop\build\CMakeFiles\3.18.4\CompilerIdC\CompilerIdC.vcxproj]
  CMakeCCompilerId.c
Link:
  C:\Program Files (x86)\Microsoft Visual Studio\2019\Community\VC\Tools\MSVC\14.28.29333\bin\HostX64\x64\link.exe /ERRORREPORT:QUEUE /OUT:".\CompilerIdC.exe" /INCREMENTAL:NO /NOLOGO kernel32.lib user32.lib gdi32.lib winspool.lib comdlg32.lib advapi32.lib shell32.lib ole32.lib oleaut32.lib uuid.lib odbc32.lib odbccp32.lib /MANIFEST /MANIFESTUAC:"level='asInvoker' uiAccess='false'" /manifest:embed /PDB:".\CompilerIdC.pdb" /SUBSYSTEM:CONSOLE /TLBID:1 /DYNAMICBASE /NXCOMPAT /IMPLIB:".\CompilerIdC.lib" /MACHINE:X64 Debug\CMakeCCompilerId.obj
  CompilerIdC.vcxproj -> C:\Users\mikem\OneDrive\McGill_Simine\Aptamers\ActiveLearningPipeline\.dacecache\matmulLoop\build\CMakeFiles\3.18.4\CompilerIdC\CompilerIdC.exe
PostBuildEvent:
  for %%i in (cl.exe) do @echo CMAKE_C_COMPILER=%%~$PATH:i
  :VCEnd
  CMAKE_C_COMPILER=C:\Program Files (x86)\Microsoft Visual Studio\2019\Community\VC\Tools\MSVC\14.28.29333\bin\Hostx64\x64\cl.exe
FinalizeBuildStatus:
  Deleting file "Debug\CompilerIdC.tlog\unsuccessfulbuild".
  Touching "Debug\CompilerIdC.tlog\CompilerIdC.lastbuildstate".
Done Building Project "C:\Users\mikem\OneDrive\McGill_Simine\Aptamers\ActiveLearningPipeline\.dacecache\matmulLoop\build\CMakeFiles\3.18.4\CompilerIdC\CompilerIdC.vcxproj" (default targets).

Build succeeded.

"C:\Users\mikem\OneDrive\McGill_Simine\Aptamers\ActiveLearningPipeline\.dacecache\matmulLoop\build\CMakeFiles\3.18.4\CompilerIdC\CompilerIdC.vcxproj" (default target) (1) ->
(ClCompile target) -> 
  cl : command line warning D9025: overriding '/MDd' with '/MT' [C:\Users\mikem\OneDrive\McGill_Simine\Aptamers\ActiveLearningPipeline\.dacecache\matmulLoop\build\CMakeFiles\3.18.4\CompilerIdC\CompilerIdC.vcxproj]

    1 Warning(s)
    0 Error(s)

Time Elapsed 00:00:01.12


Compilation of the C compiler identification source "CMakeCCompilerId.c" produced "CompilerIdC.exe"

Compilation of the C compiler identification source "CMakeCCompilerId.c" produced "CompilerIdC.vcxproj"

The C compiler identification is MSVC, found in "C:/Users/mikem/OneDrive/McGill_Simine/Aptamers/ActiveLearningPipeline/.dacecache/matmulLoop/build/CMakeFiles/3.18.4/CompilerIdC/CompilerIdC.exe"

Compiling the CXX compiler identification source file "CMakeCXXCompilerId.cpp" succeeded.
Compiler:  
Build flags: /O2;/fp:fast;/arch:AVX2;/D_USRDLL;/D_WINDLL;/D__restrict__=__restrict
Id flags:  

The output was:
0
Microsoft (R) Build Engine version 16.8.3+39993bd9d for .NET Framework
Copyright (C) Microsoft Corporation. All rights reserved.

Build started 2021-05-07 9:25:50 AM.
Project "C:\Users\mikem\OneDrive\McGill_Simine\Aptamers\ActiveLearningPipeline\.dacecache\matmulLoop\build\CMakeFiles\3.18.4\CompilerIdCXX\CompilerIdCXX.vcxproj" on node 1 (default targets).
PrepareForBuild:
  Creating directory "Debug\".
  Creating directory "Debug\CompilerIdCXX.tlog\".
InitializeBuildStatus:
  Creating "Debug\CompilerIdCXX.tlog\unsuccessfulbuild" because "AlwaysCreate" was specified.
ClCompile:
  C:\Program Files (x86)\Microsoft Visual Studio\2019\Community\VC\Tools\MSVC\14.28.29333\bin\HostX64\x64\CL.exe /c /nologo /W0 /WX- /diagnostics:column /Od /D _MBCS /Gm- /EHsc /RTC1 /MDd /GS /fp:precise /Zc:wchar_t /Zc:forScope /Zc:inline /Fo"Debug\\" /Fd"Debug\vc142.pdb" /Gd /TP /FC /errorReport:queue CMakeCXXCompilerId.cpp
cl : command line warning D9025: overriding '/MDd' with '/MT' [C:\Users\mikem\OneDrive\McGill_Simine\Aptamers\ActiveLearningPipeline\.dacecache\matmulLoop\build\CMakeFiles\3.18.4\CompilerIdCXX\CompilerIdCXX.vcxproj]
  CMakeCXXCompilerId.cpp
Link:
  C:\Program Files (x86)\Microsoft Visual Studio\2019\Community\VC\Tools\MSVC\14.28.29333\bin\HostX64\x64\link.exe /ERRORREPORT:QUEUE /OUT:".\CompilerIdCXX.exe" /INCREMENTAL:NO /NOLOGO kernel32.lib user32.lib gdi32.lib winspool.lib comdlg32.lib advapi32.lib shell32.lib ole32.lib oleaut32.lib uuid.lib odbc32.lib odbccp32.lib /MANIFEST /MANIFESTUAC:"level='asInvoker' uiAccess='false'" /manifest:embed /PDB:".\CompilerIdCXX.pdb" /SUBSYSTEM:CONSOLE /TLBID:1 /DYNAMICBASE /NXCOMPAT /IMPLIB:".\CompilerIdCXX.lib" /MACHINE:X64 Debug\CMakeCXXCompilerId.obj
  CompilerIdCXX.vcxproj -> C:\Users\mikem\OneDrive\McGill_Simine\Aptamers\ActiveLearningPipeline\.dacecache\matmulLoop\build\CMakeFiles\3.18.4\CompilerIdCXX\CompilerIdCXX.exe
PostBuildEvent:
  for %%i in (cl.exe) do @echo CMAKE_CXX_COMPILER=%%~$PATH:i
  :VCEnd
  CMAKE_CXX_COMPILER=C:\Program Files (x86)\Microsoft Visual Studio\2019\Community\VC\Tools\MSVC\14.28.29333\bin\Hostx64\x64\cl.exe
FinalizeBuildStatus:
  Deleting file "Debug\CompilerIdCXX.tlog\unsuccessfulbuild".
  Touching "Debug\CompilerIdCXX.tlog\CompilerIdCXX.lastbuildstate".
Done Building Project "C:\Users\mikem\OneDrive\McGill_Simine\Aptamers\ActiveLearningPipeline\.dacecache\matmulLoop\build\CMakeFiles\3.18.4\CompilerIdCXX\CompilerIdCXX.vcxproj" (default targets).

Build succeeded.

"C:\Users\mikem\OneDrive\McGill_Simine\Aptamers\ActiveLearningPipeline\.dacecache\matmulLoop\build\CMakeFiles\3.18.4\CompilerIdCXX\CompilerIdCXX.vcxproj" (default target) (1) ->
(ClCompile target) -> 
  cl : command line warning D9025: overriding '/MDd' with '/MT' [C:\Users\mikem\OneDrive\McGill_Simine\Aptamers\ActiveLearningPipeline\.dacecache\matmulLoop\build\CMakeFiles\3.18.4\CompilerIdCXX\CompilerIdCXX.vcxproj]

    1 Warning(s)
    0 Error(s)

Time Elapsed 00:00:00.95


Compilation of the CXX compiler identification source "CMakeCXXCompilerId.cpp" produced "CompilerIdCXX.exe"

Compilation of the CXX compiler identification source "CMakeCXXCompilerId.cpp" produced "CompilerIdCXX.vcxproj"

The CXX compiler identification is MSVC, found in "C:/Users/mikem/OneDrive/McGill_Simine/Aptamers/ActiveLearningPipeline/.dacecache/matmulLoop/build/CMakeFiles/3.18.4/CompilerIdCXX/CompilerIdCXX.exe"

Detecting C compiler ABI info compiled with the following output:
Change Dir: C:/Users/mikem/OneDrive/McGill_Simine/Aptamers/ActiveLearningPipeline/.dacecache/matmulLoop/build/CMakeFiles/CMakeTmp

Run Build Command(s):C:/Program Files (x86)/Microsoft Visual Studio/2019/Community/MSBuild/Current/Bin/MSBuild.exe cmTC_98ec0.vcxproj /p:Configuration=Debug /p:Platform=x64 /p:VisualStudioVersion=16.0 /v:m && Microsoft (R) Build Engine version 16.8.3+39993bd9d for .NET Framework
Copyright (C) Microsoft Corporation. All rights reserved.

  Microsoft (R) C/C++ Optimizing Compiler Version 19.28.29337 for x64
  Copyright (C) Microsoft Corporation.  All rights reserved.
  CMakeCCompilerABI.c
  cl /c /Zi /W1 /WX- /diagnostics:column /Od /Ob0 /D WIN32 /D _WINDOWS /D "CMAKE_INTDIR=\"Debug\"" /D _MBCS /Gm- /RTC1 /MDd /GS /fp:precise /Zc:wchar_t /Zc:forScope /Zc:inline /Fo"cmTC_98ec0.dir\Debug\\" /Fd"cmTC_98ec0.dir\Debug\vc142.pdb" /Gd /TC /errorReport:queue "C:\Users\mikem\OneDrive\McGill_Simine\Finite_Correlations\PyTorch\PixelCNN\venv\Lib\site-packages\cmake\data\share\cmake-3.18\Modules\CMakeCCompilerABI.c"
cl : command line warning D9025: overriding '/MDd' with '/MT' [C:\Users\mikem\OneDrive\McGill_Simine\Aptamers\ActiveLearningPipeline\.dacecache\matmulLoop\build\CMakeFiles\CMakeTmp\cmTC_98ec0.vcxproj]
  cmTC_98ec0.vcxproj -> C:\Users\mikem\OneDrive\McGill_Simine\Aptamers\ActiveLearningPipeline\.dacecache\matmulLoop\build\CMakeFiles\CMakeTmp\Debug\cmTC_98ec0.exe



Detecting CXX compiler ABI info compiled with the following output:
Change Dir: C:/Users/mikem/OneDrive/McGill_Simine/Aptamers/ActiveLearningPipeline/.dacecache/matmulLoop/build/CMakeFiles/CMakeTmp

Run Build Command(s):C:/Program Files (x86)/Microsoft Visual Studio/2019/Community/MSBuild/Current/Bin/MSBuild.exe cmTC_d2cdf.vcxproj /p:Configuration=Debug /p:Platform=x64 /p:VisualStudioVersion=16.0 /v:m && Microsoft (R) Build Engine version 16.8.3+39993bd9d for .NET Framework
Copyright (C) Microsoft Corporation. All rights reserved.

  Microsoft (R) C/C++ Optimizing Compiler Version 19.28.29337 for x64
  Copyright (C) Microsoft Corporation.  All rights reserved.
  CMakeCXXCompilerABI.cpp
  cl /c /Zi /W1 /WX- /diagnostics:column /Od /Ob0 /D _USRDLL /D _WINDLL /D __restrict__=__restrict /D "CMAKE_INTDIR=\"Debug\"" /D _MBCS /Gm- /RTC1 /MDd /GS /arch:AVX2 /fp:fast /Zc:wchar_t /Zc:forScope /Zc:inline /Fo"cmTC_d2cdf.dir\Debug\\" /Fd"cmTC_d2cdf.dir\Debug\vc142.pdb" /Gd /TP /errorReport:queue "C:\Users\mikem\OneDrive\McGill_Simine\Finite_Correlations\PyTorch\PixelCNN\venv\Lib\site-packages\cmake\data\share\cmake-3.18\Modules\CMakeCXXCompilerABI.cpp"
cl : command line warning D9025: overriding '/MDd' with '/MT' [C:\Users\mikem\OneDrive\McGill_Simine\Aptamers\ActiveLearningPipeline\.dacecache\matmulLoop\build\CMakeFiles\CMakeTmp\cmTC_d2cdf.vcxproj]
  cmTC_d2cdf.vcxproj -> C:\Users\mikem\OneDrive\McGill_Simine\Aptamers\ActiveLearningPipeline\.dacecache\matmulLoop\build\CMakeFiles\CMakeTmp\Debug\cmTC_d2cdf.exe



